{"/home/azamat/Documents/netology/js/dz/player.js": {"path":"/home/azamat/Documents/netology/js/dz/player.js","statementMap":{"0":{"start":{"line":1,"column":68},"end":{"line":1,"column":87}},"1":{"start":{"line":5,"column":8},"end":{"line":5,"column":24}},"2":{"start":{"line":6,"column":8},"end":{"line":6,"column":24}},"3":{"start":{"line":7,"column":8},"end":{"line":7,"column":23}},"4":{"start":{"line":8,"column":8},"end":{"line":8,"column":25}},"5":{"start":{"line":9,"column":8},"end":{"line":9,"column":25}},"6":{"start":{"line":10,"column":8},"end":{"line":10,"column":23}},"7":{"start":{"line":11,"column":8},"end":{"line":11,"column":35}},"8":{"start":{"line":12,"column":8},"end":{"line":12,"column":32}},"9":{"start":{"line":13,"column":8},"end":{"line":13,"column":33}},"10":{"start":{"line":14,"column":8},"end":{"line":14,"column":25}},"11":{"start":{"line":19,"column":29},"end":{"line":19,"column":48}},"12":{"start":{"line":20,"column":8},"end":{"line":20,"column":48}},"13":{"start":{"line":24,"column":8},"end":{"line":24,"column":51}},"14":{"start":{"line":24,"column":42},"end":{"line":24,"column":51}},"15":{"start":{"line":25,"column":29},"end":{"line":25,"column":52}},"16":{"start":{"line":26,"column":8},"end":{"line":26,"column":72}},"17":{"start":{"line":30,"column":8},"end":{"line":30,"column":52}},"18":{"start":{"line":34,"column":8},"end":{"line":34,"column":31}},"19":{"start":{"line":38,"column":21},"end":{"line":38,"column":51}},"20":{"start":{"line":39,"column":8},"end":{"line":39,"column":30}},"21":{"start":{"line":43,"column":21},"end":{"line":43,"column":51}},"22":{"start":{"line":44,"column":8},"end":{"line":44,"column":30}},"23":{"start":{"line":48,"column":8},"end":{"line":52,"column":9}},"24":{"start":{"line":49,"column":12},"end":{"line":49,"column":46}},"25":{"start":{"line":51,"column":12},"end":{"line":51,"column":37}},"26":{"start":{"line":57,"column":8},"end":{"line":57,"column":56}},"27":{"start":{"line":62,"column":8},"end":{"line":62,"column":76}},"28":{"start":{"line":67,"column":8},"end":{"line":71,"column":9}},"29":{"start":{"line":68,"column":12},"end":{"line":68,"column":43}},"30":{"start":{"line":69,"column":12},"end":{"line":69,"column":64}},"31":{"start":{"line":70,"column":12},"end":{"line":70,"column":19}},"32":{"start":{"line":72,"column":8},"end":{"line":75,"column":9}},"33":{"start":{"line":73,"column":12},"end":{"line":73,"column":61}},"34":{"start":{"line":74,"column":12},"end":{"line":74,"column":19}},"35":{"start":{"line":76,"column":8},"end":{"line":76,"column":32}},"36":{"start":{"line":81,"column":8},"end":{"line":84,"column":9}},"37":{"start":{"line":82,"column":12},"end":{"line":82,"column":45}},"38":{"start":{"line":83,"column":12},"end":{"line":83,"column":77}},"39":{"start":{"line":89,"column":8},"end":{"line":89,"column":25}},"40":{"start":{"line":93,"column":25},"end":{"line":93,"column":65}},"41":{"start":{"line":95,"column":8},"end":{"line":98,"column":9}},"42":{"start":{"line":96,"column":12},"end":{"line":96,"column":68}},"43":{"start":{"line":97,"column":12},"end":{"line":97,"column":19}},"44":{"start":{"line":100,"column":27},"end":{"line":100,"column":46}},"45":{"start":{"line":101,"column":8},"end":{"line":101,"column":43}},"46":{"start":{"line":102,"column":8},"end":{"line":102,"column":27}},"47":{"start":{"line":104,"column":23},"end":{"line":104,"column":52}},"48":{"start":{"line":106,"column":8},"end":{"line":113,"column":9}},"49":{"start":{"line":108,"column":12},"end":{"line":108,"column":32}},"50":{"start":{"line":109,"column":12},"end":{"line":109,"column":41}},"51":{"start":{"line":110,"column":12},"end":{"line":110,"column":121}},"52":{"start":{"line":112,"column":12},"end":{"line":112,"column":37}},"53":{"start":{"line":118,"column":24},"end":{"line":118,"column":70}},"54":{"start":{"line":118,"column":44},"end":{"line":118,"column":69}},"55":{"start":{"line":119,"column":8},"end":{"line":119,"column":46}},"56":{"start":{"line":119,"column":34},"end":{"line":119,"column":46}},"57":{"start":{"line":120,"column":8},"end":{"line":120,"column":83}},"58":{"start":{"line":120,"column":42},"end":{"line":120,"column":69}},"59":{"start":{"line":125,"column":8},"end":{"line":129,"column":9}},"60":{"start":{"line":126,"column":12},"end":{"line":126,"column":39}},"61":{"start":{"line":127,"column":15},"end":{"line":129,"column":9}},"62":{"start":{"line":128,"column":12},"end":{"line":128,"column":38}},"63":{"start":{"line":133,"column":22},"end":{"line":133,"column":47}},"64":{"start":{"line":134,"column":8},"end":{"line":134,"column":27}},"65":{"start":{"line":134,"column":20},"end":{"line":134,"column":27}},"66":{"start":{"line":135,"column":8},"end":{"line":135,"column":32}},"67":{"start":{"line":136,"column":8},"end":{"line":136,"column":30}},"68":{"start":{"line":142,"column":8},"end":{"line":142,"column":30}},"69":{"start":{"line":143,"column":8},"end":{"line":143,"column":24}},"70":{"start":{"line":144,"column":8},"end":{"line":144,"column":23}},"71":{"start":{"line":145,"column":8},"end":{"line":145,"column":25}},"72":{"start":{"line":146,"column":8},"end":{"line":146,"column":34}},"73":{"start":{"line":147,"column":8},"end":{"line":147,"column":34}},"74":{"start":{"line":148,"column":8},"end":{"line":148,"column":54}},"75":{"start":{"line":149,"column":8},"end":{"line":149,"column":30}},"76":{"start":{"line":154,"column":25},"end":{"line":154,"column":32}},"77":{"start":{"line":155,"column":8},"end":{"line":163,"column":9}},"78":{"start":{"line":156,"column":29},"end":{"line":156,"column":57}},"79":{"start":{"line":157,"column":12},"end":{"line":157,"column":35}},"80":{"start":{"line":158,"column":30},"end":{"line":158,"column":47}},"81":{"start":{"line":159,"column":12},"end":{"line":161,"column":13}},"82":{"start":{"line":160,"column":16},"end":{"line":160,"column":63}},"83":{"start":{"line":162,"column":12},"end":{"line":162,"column":19}},"84":{"start":{"line":164,"column":8},"end":{"line":164,"column":52}},"85":{"start":{"line":168,"column":8},"end":{"line":168,"column":28}},"86":{"start":{"line":169,"column":8},"end":{"line":169,"column":56}},"87":{"start":{"line":169,"column":37},"end":{"line":169,"column":56}},"88":{"start":{"line":170,"column":8},"end":{"line":170,"column":25}},"89":{"start":{"line":176,"column":8},"end":{"line":176,"column":30}},"90":{"start":{"line":177,"column":8},"end":{"line":177,"column":23}},"91":{"start":{"line":178,"column":8},"end":{"line":178,"column":24}},"92":{"start":{"line":179,"column":8},"end":{"line":179,"column":24}},"93":{"start":{"line":180,"column":8},"end":{"line":180,"column":26}},"94":{"start":{"line":181,"column":8},"end":{"line":181,"column":36}},"95":{"start":{"line":182,"column":8},"end":{"line":182,"column":32}},"96":{"start":{"line":183,"column":8},"end":{"line":183,"column":30}},"97":{"start":{"line":188,"column":8},"end":{"line":188,"column":51}},"98":{"start":{"line":188,"column":42},"end":{"line":188,"column":51}},"99":{"start":{"line":189,"column":29},"end":{"line":189,"column":52}},"100":{"start":{"line":190,"column":8},"end":{"line":190,"column":92}},"101":{"start":{"line":194,"column":8},"end":{"line":194,"column":28}},"102":{"start":{"line":195,"column":8},"end":{"line":195,"column":56}},"103":{"start":{"line":195,"column":37},"end":{"line":195,"column":56}},"104":{"start":{"line":196,"column":8},"end":{"line":196,"column":25}},"105":{"start":{"line":202,"column":8},"end":{"line":202,"column":30}},"106":{"start":{"line":203,"column":8},"end":{"line":203,"column":23}},"107":{"start":{"line":204,"column":8},"end":{"line":204,"column":25}},"108":{"start":{"line":205,"column":8},"end":{"line":205,"column":24}},"109":{"start":{"line":206,"column":8},"end":{"line":206,"column":25}},"110":{"start":{"line":207,"column":8},"end":{"line":207,"column":33}},"111":{"start":{"line":208,"column":8},"end":{"line":208,"column":34}},"112":{"start":{"line":209,"column":8},"end":{"line":209,"column":30}},"113":{"start":{"line":214,"column":25},"end":{"line":214,"column":32}},"114":{"start":{"line":215,"column":8},"end":{"line":219,"column":9}},"115":{"start":{"line":216,"column":12},"end":{"line":216,"column":29}},"116":{"start":{"line":217,"column":12},"end":{"line":217,"column":72}},"117":{"start":{"line":218,"column":12},"end":{"line":218,"column":19}},"118":{"start":{"line":220,"column":8},"end":{"line":220,"column":52}},"119":{"start":{"line":224,"column":8},"end":{"line":224,"column":28}},"120":{"start":{"line":225,"column":8},"end":{"line":225,"column":56}},"121":{"start":{"line":225,"column":37},"end":{"line":225,"column":56}},"122":{"start":{"line":226,"column":8},"end":{"line":226,"column":25}},"123":{"start":{"line":232,"column":8},"end":{"line":232,"column":30}},"124":{"start":{"line":233,"column":8},"end":{"line":233,"column":24}},"125":{"start":{"line":234,"column":8},"end":{"line":234,"column":25}},"126":{"start":{"line":235,"column":8},"end":{"line":235,"column":23}},"127":{"start":{"line":236,"column":8},"end":{"line":236,"column":34}},"128":{"start":{"line":237,"column":8},"end":{"line":237,"column":32}},"129":{"start":{"line":238,"column":8},"end":{"line":238,"column":30}},"130":{"start":{"line":239,"column":8},"end":{"line":239,"column":27}},"131":{"start":{"line":244,"column":8},"end":{"line":244,"column":25}},"132":{"start":{"line":245,"column":8},"end":{"line":249,"column":9}},"133":{"start":{"line":246,"column":12},"end":{"line":246,"column":87}},"134":{"start":{"line":247,"column":12},"end":{"line":247,"column":53}},"135":{"start":{"line":248,"column":12},"end":{"line":248,"column":19}},"136":{"start":{"line":250,"column":8},"end":{"line":250,"column":33}},"137":{"start":{"line":254,"column":8},"end":{"line":254,"column":28}},"138":{"start":{"line":255,"column":8},"end":{"line":255,"column":56}},"139":{"start":{"line":255,"column":37},"end":{"line":255,"column":56}},"140":{"start":{"line":256,"column":8},"end":{"line":256,"column":25}},"141":{"start":{"line":262,"column":8},"end":{"line":262,"column":30}},"142":{"start":{"line":263,"column":8},"end":{"line":263,"column":23}},"143":{"start":{"line":264,"column":8},"end":{"line":264,"column":24}},"144":{"start":{"line":265,"column":8},"end":{"line":265,"column":26}},"145":{"start":{"line":266,"column":8},"end":{"line":266,"column":23}},"146":{"start":{"line":267,"column":8},"end":{"line":267,"column":40}},"147":{"start":{"line":268,"column":8},"end":{"line":268,"column":36}},"148":{"start":{"line":269,"column":8},"end":{"line":269,"column":30}},"149":{"start":{"line":273,"column":8},"end":{"line":273,"column":28}},"150":{"start":{"line":274,"column":8},"end":{"line":274,"column":56}},"151":{"start":{"line":274,"column":37},"end":{"line":274,"column":56}},"152":{"start":{"line":275,"column":8},"end":{"line":275,"column":25}},"153":{"start":{"line":281,"column":8},"end":{"line":281,"column":30}},"154":{"start":{"line":282,"column":8},"end":{"line":282,"column":23}},"155":{"start":{"line":283,"column":8},"end":{"line":283,"column":25}},"156":{"start":{"line":284,"column":8},"end":{"line":284,"column":24}},"157":{"start":{"line":285,"column":8},"end":{"line":285,"column":23}},"158":{"start":{"line":286,"column":8},"end":{"line":286,"column":37}},"159":{"start":{"line":287,"column":8},"end":{"line":287,"column":39}},"160":{"start":{"line":288,"column":8},"end":{"line":288,"column":30}},"161":{"start":{"line":293,"column":21},"end":{"line":293,"column":46}},"162":{"start":{"line":294,"column":8},"end":{"line":296,"column":9}},"163":{"start":{"line":295,"column":12},"end":{"line":295,"column":30}},"164":{"start":{"line":297,"column":8},"end":{"line":297,"column":20}},"165":{"start":{"line":301,"column":8},"end":{"line":301,"column":28}},"166":{"start":{"line":302,"column":8},"end":{"line":302,"column":56}},"167":{"start":{"line":302,"column":37},"end":{"line":302,"column":56}},"168":{"start":{"line":303,"column":8},"end":{"line":303,"column":25}},"169":{"start":{"line":307,"column":0},"end":{"line":307,"column":81}}},"fnMap":{"0":{"name":"(anonymous_0)","decl":{"start":{"line":4,"column":4},"end":{"line":4,"column":5}},"loc":{"start":{"line":4,"column":32},"end":{"line":15,"column":5}},"line":4},"1":{"name":"(anonymous_1)","decl":{"start":{"line":18,"column":4},"end":{"line":18,"column":5}},"loc":{"start":{"line":18,"column":14},"end":{"line":21,"column":5}},"line":18},"2":{"name":"(anonymous_2)","decl":{"start":{"line":23,"column":4},"end":{"line":23,"column":5}},"loc":{"start":{"line":23,"column":24},"end":{"line":27,"column":5}},"line":23},"3":{"name":"(anonymous_3)","decl":{"start":{"line":29,"column":4},"end":{"line":29,"column":5}},"loc":{"start":{"line":29,"column":23},"end":{"line":31,"column":5}},"line":29},"4":{"name":"(anonymous_4)","decl":{"start":{"line":33,"column":4},"end":{"line":33,"column":5}},"loc":{"start":{"line":33,"column":13},"end":{"line":35,"column":5}},"line":33},"5":{"name":"(anonymous_5)","decl":{"start":{"line":37,"column":4},"end":{"line":37,"column":5}},"loc":{"start":{"line":37,"column":23},"end":{"line":40,"column":5}},"line":37},"6":{"name":"(anonymous_6)","decl":{"start":{"line":42,"column":4},"end":{"line":42,"column":5}},"loc":{"start":{"line":42,"column":24},"end":{"line":45,"column":5}},"line":42},"7":{"name":"(anonymous_7)","decl":{"start":{"line":47,"column":4},"end":{"line":47,"column":5}},"loc":{"start":{"line":47,"column":19},"end":{"line":53,"column":5}},"line":47},"8":{"name":"(anonymous_8)","decl":{"start":{"line":56,"column":4},"end":{"line":56,"column":5}},"loc":{"start":{"line":56,"column":22},"end":{"line":58,"column":5}},"line":56},"9":{"name":"(anonymous_9)","decl":{"start":{"line":61,"column":4},"end":{"line":61,"column":5}},"loc":{"start":{"line":61,"column":13},"end":{"line":63,"column":5}},"line":61},"10":{"name":"(anonymous_10)","decl":{"start":{"line":66,"column":4},"end":{"line":66,"column":5}},"loc":{"start":{"line":66,"column":23},"end":{"line":77,"column":5}},"line":66},"11":{"name":"(anonymous_11)","decl":{"start":{"line":80,"column":4},"end":{"line":80,"column":5}},"loc":{"start":{"line":80,"column":18},"end":{"line":85,"column":5}},"line":80},"12":{"name":"(anonymous_12)","decl":{"start":{"line":88,"column":4},"end":{"line":88,"column":5}},"loc":{"start":{"line":88,"column":18},"end":{"line":90,"column":5}},"line":88},"13":{"name":"(anonymous_13)","decl":{"start":{"line":92,"column":4},"end":{"line":92,"column":5}},"loc":{"start":{"line":92,"column":21},"end":{"line":114,"column":5}},"line":92},"14":{"name":"(anonymous_14)","decl":{"start":{"line":117,"column":4},"end":{"line":117,"column":5}},"loc":{"start":{"line":117,"column":25},"end":{"line":121,"column":5}},"line":117},"15":{"name":"(anonymous_15)","decl":{"start":{"line":118,"column":39},"end":{"line":118,"column":40}},"loc":{"start":{"line":118,"column":44},"end":{"line":118,"column":69}},"line":118},"16":{"name":"(anonymous_16)","decl":{"start":{"line":120,"column":30},"end":{"line":120,"column":31}},"loc":{"start":{"line":120,"column":42},"end":{"line":120,"column":69}},"line":120},"17":{"name":"(anonymous_17)","decl":{"start":{"line":124,"column":4},"end":{"line":124,"column":5}},"loc":{"start":{"line":124,"column":23},"end":{"line":130,"column":5}},"line":124},"18":{"name":"(anonymous_18)","decl":{"start":{"line":132,"column":4},"end":{"line":132,"column":5}},"loc":{"start":{"line":132,"column":18},"end":{"line":137,"column":5}},"line":132},"19":{"name":"(anonymous_19)","decl":{"start":{"line":141,"column":4},"end":{"line":141,"column":5}},"loc":{"start":{"line":141,"column":32},"end":{"line":150,"column":5}},"line":141},"20":{"name":"(anonymous_20)","decl":{"start":{"line":153,"column":4},"end":{"line":153,"column":5}},"loc":{"start":{"line":153,"column":23},"end":{"line":165,"column":5}},"line":153},"21":{"name":"(anonymous_21)","decl":{"start":{"line":167,"column":4},"end":{"line":167,"column":5}},"loc":{"start":{"line":167,"column":18},"end":{"line":171,"column":5}},"line":167},"22":{"name":"(anonymous_22)","decl":{"start":{"line":175,"column":4},"end":{"line":175,"column":5}},"loc":{"start":{"line":175,"column":32},"end":{"line":184,"column":5}},"line":175},"23":{"name":"(anonymous_23)","decl":{"start":{"line":187,"column":4},"end":{"line":187,"column":5}},"loc":{"start":{"line":187,"column":24},"end":{"line":191,"column":5}},"line":187},"24":{"name":"(anonymous_24)","decl":{"start":{"line":193,"column":4},"end":{"line":193,"column":5}},"loc":{"start":{"line":193,"column":18},"end":{"line":197,"column":5}},"line":193},"25":{"name":"(anonymous_25)","decl":{"start":{"line":201,"column":4},"end":{"line":201,"column":5}},"loc":{"start":{"line":201,"column":32},"end":{"line":210,"column":5}},"line":201},"26":{"name":"(anonymous_26)","decl":{"start":{"line":213,"column":4},"end":{"line":213,"column":5}},"loc":{"start":{"line":213,"column":23},"end":{"line":221,"column":5}},"line":213},"27":{"name":"(anonymous_27)","decl":{"start":{"line":223,"column":4},"end":{"line":223,"column":5}},"loc":{"start":{"line":223,"column":18},"end":{"line":227,"column":5}},"line":223},"28":{"name":"(anonymous_28)","decl":{"start":{"line":231,"column":4},"end":{"line":231,"column":5}},"loc":{"start":{"line":231,"column":32},"end":{"line":240,"column":5}},"line":231},"29":{"name":"(anonymous_29)","decl":{"start":{"line":243,"column":4},"end":{"line":243,"column":5}},"loc":{"start":{"line":243,"column":23},"end":{"line":251,"column":5}},"line":243},"30":{"name":"(anonymous_30)","decl":{"start":{"line":253,"column":4},"end":{"line":253,"column":5}},"loc":{"start":{"line":253,"column":18},"end":{"line":257,"column":5}},"line":253},"31":{"name":"(anonymous_31)","decl":{"start":{"line":261,"column":4},"end":{"line":261,"column":5}},"loc":{"start":{"line":261,"column":32},"end":{"line":270,"column":5}},"line":261},"32":{"name":"(anonymous_32)","decl":{"start":{"line":272,"column":4},"end":{"line":272,"column":5}},"loc":{"start":{"line":272,"column":18},"end":{"line":276,"column":5}},"line":272},"33":{"name":"(anonymous_33)","decl":{"start":{"line":280,"column":4},"end":{"line":280,"column":5}},"loc":{"start":{"line":280,"column":32},"end":{"line":289,"column":5}},"line":280},"34":{"name":"(anonymous_34)","decl":{"start":{"line":292,"column":4},"end":{"line":292,"column":5}},"loc":{"start":{"line":292,"column":24},"end":{"line":298,"column":5}},"line":292},"35":{"name":"(anonymous_35)","decl":{"start":{"line":300,"column":4},"end":{"line":300,"column":5}},"loc":{"start":{"line":300,"column":18},"end":{"line":304,"column":5}},"line":300}},"branchMap":{"0":{"loc":{"start":{"line":24,"column":8},"end":{"line":24,"column":51}},"type":"if","locations":[{"start":{"line":24,"column":8},"end":{"line":24,"column":51}},{"start":{},"end":{}}],"line":24},"1":{"loc":{"start":{"line":48,"column":8},"end":{"line":52,"column":9}},"type":"if","locations":[{"start":{"line":48,"column":8},"end":{"line":52,"column":9}},{"start":{"line":50,"column":15},"end":{"line":52,"column":9}}],"line":48},"2":{"loc":{"start":{"line":67,"column":8},"end":{"line":71,"column":9}},"type":"if","locations":[{"start":{"line":67,"column":8},"end":{"line":71,"column":9}},{"start":{},"end":{}}],"line":67},"3":{"loc":{"start":{"line":72,"column":8},"end":{"line":75,"column":9}},"type":"if","locations":[{"start":{"line":72,"column":8},"end":{"line":75,"column":9}},{"start":{},"end":{}}],"line":72},"4":{"loc":{"start":{"line":81,"column":8},"end":{"line":84,"column":9}},"type":"if","locations":[{"start":{"line":81,"column":8},"end":{"line":84,"column":9}},{"start":{},"end":{}}],"line":81},"5":{"loc":{"start":{"line":95,"column":8},"end":{"line":98,"column":9}},"type":"if","locations":[{"start":{"line":95,"column":8},"end":{"line":98,"column":9}},{"start":{},"end":{}}],"line":95},"6":{"loc":{"start":{"line":104,"column":38},"end":{"line":104,"column":51}},"type":"binary-expr","locations":[{"start":{"line":104,"column":38},"end":{"line":104,"column":46}},{"start":{"line":104,"column":50},"end":{"line":104,"column":51}}],"line":104},"7":{"loc":{"start":{"line":106,"column":8},"end":{"line":113,"column":9}},"type":"if","locations":[{"start":{"line":106,"column":8},"end":{"line":113,"column":9}},{"start":{"line":111,"column":15},"end":{"line":113,"column":9}}],"line":106},"8":{"loc":{"start":{"line":118,"column":44},"end":{"line":118,"column":69}},"type":"binary-expr","locations":[{"start":{"line":118,"column":44},"end":{"line":118,"column":54}},{"start":{"line":118,"column":58},"end":{"line":118,"column":69}}],"line":118},"9":{"loc":{"start":{"line":119,"column":8},"end":{"line":119,"column":46}},"type":"if","locations":[{"start":{"line":119,"column":8},"end":{"line":119,"column":46}},{"start":{},"end":{}}],"line":119},"10":{"loc":{"start":{"line":120,"column":42},"end":{"line":120,"column":69}},"type":"cond-expr","locations":[{"start":{"line":120,"column":62},"end":{"line":120,"column":63}},{"start":{"line":120,"column":66},"end":{"line":120,"column":69}}],"line":120},"11":{"loc":{"start":{"line":125,"column":8},"end":{"line":129,"column":9}},"type":"if","locations":[{"start":{"line":125,"column":8},"end":{"line":129,"column":9}},{"start":{"line":127,"column":15},"end":{"line":129,"column":9}}],"line":125},"12":{"loc":{"start":{"line":127,"column":15},"end":{"line":129,"column":9}},"type":"if","locations":[{"start":{"line":127,"column":15},"end":{"line":129,"column":9}},{"start":{},"end":{}}],"line":127},"13":{"loc":{"start":{"line":134,"column":8},"end":{"line":134,"column":27}},"type":"if","locations":[{"start":{"line":134,"column":8},"end":{"line":134,"column":27}},{"start":{},"end":{}}],"line":134},"14":{"loc":{"start":{"line":155,"column":8},"end":{"line":163,"column":9}},"type":"if","locations":[{"start":{"line":155,"column":8},"end":{"line":163,"column":9}},{"start":{},"end":{}}],"line":155},"15":{"loc":{"start":{"line":155,"column":12},"end":{"line":155,"column":74}},"type":"binary-expr","locations":[{"start":{"line":155,"column":12},"end":{"line":155,"column":32}},{"start":{"line":155,"column":36},"end":{"line":155,"column":56}},{"start":{"line":155,"column":60},"end":{"line":155,"column":74}}],"line":155},"16":{"loc":{"start":{"line":159,"column":12},"end":{"line":161,"column":13}},"type":"if","locations":[{"start":{"line":159,"column":12},"end":{"line":161,"column":13}},{"start":{},"end":{}}],"line":159},"17":{"loc":{"start":{"line":169,"column":8},"end":{"line":169,"column":56}},"type":"if","locations":[{"start":{"line":169,"column":8},"end":{"line":169,"column":56}},{"start":{},"end":{}}],"line":169},"18":{"loc":{"start":{"line":188,"column":8},"end":{"line":188,"column":51}},"type":"if","locations":[{"start":{"line":188,"column":8},"end":{"line":188,"column":51}},{"start":{},"end":{}}],"line":188},"19":{"loc":{"start":{"line":195,"column":8},"end":{"line":195,"column":56}},"type":"if","locations":[{"start":{"line":195,"column":8},"end":{"line":195,"column":56}},{"start":{},"end":{}}],"line":195},"20":{"loc":{"start":{"line":215,"column":8},"end":{"line":219,"column":9}},"type":"if","locations":[{"start":{"line":215,"column":8},"end":{"line":219,"column":9}},{"start":{},"end":{}}],"line":215},"21":{"loc":{"start":{"line":225,"column":8},"end":{"line":225,"column":56}},"type":"if","locations":[{"start":{"line":225,"column":8},"end":{"line":225,"column":56}},{"start":{},"end":{}}],"line":225},"22":{"loc":{"start":{"line":245,"column":8},"end":{"line":249,"column":9}},"type":"if","locations":[{"start":{"line":245,"column":8},"end":{"line":249,"column":9}},{"start":{},"end":{}}],"line":245},"23":{"loc":{"start":{"line":245,"column":12},"end":{"line":245,"column":60}},"type":"binary-expr","locations":[{"start":{"line":245,"column":12},"end":{"line":245,"column":36}},{"start":{"line":245,"column":40},"end":{"line":245,"column":60}}],"line":245},"24":{"loc":{"start":{"line":255,"column":8},"end":{"line":255,"column":56}},"type":"if","locations":[{"start":{"line":255,"column":8},"end":{"line":255,"column":56}},{"start":{},"end":{}}],"line":255},"25":{"loc":{"start":{"line":274,"column":8},"end":{"line":274,"column":56}},"type":"if","locations":[{"start":{"line":274,"column":8},"end":{"line":274,"column":56}},{"start":{},"end":{}}],"line":274},"26":{"loc":{"start":{"line":294,"column":8},"end":{"line":296,"column":9}},"type":"if","locations":[{"start":{"line":294,"column":8},"end":{"line":296,"column":9}},{"start":{},"end":{}}],"line":294},"27":{"loc":{"start":{"line":294,"column":12},"end":{"line":294,"column":50}},"type":"binary-expr","locations":[{"start":{"line":294,"column":12},"end":{"line":294,"column":26}},{"start":{"line":294,"column":30},"end":{"line":294,"column":50}}],"line":294},"28":{"loc":{"start":{"line":302,"column":8},"end":{"line":302,"column":56}},"type":"if","locations":[{"start":{"line":302,"column":8},"end":{"line":302,"column":56}},{"start":{},"end":{}}],"line":302}},"s":{"0":1,"1":56,"2":56,"3":56,"4":56,"5":56,"6":56,"7":56,"8":56,"9":56,"10":56,"11":16,"12":16,"13":6,"14":1,"15":5,"16":5,"17":3,"18":6,"19":3,"20":3,"21":3,"22":3,"23":2,"24":1,"25":1,"26":0,"27":0,"28":0,"29":0,"30":0,"31":0,"32":0,"33":0,"34":0,"35":0,"36":14,"37":12,"38":12,"39":0,"40":3,"41":3,"42":1,"43":1,"44":2,"45":2,"46":2,"47":2,"48":2,"49":1,"50":1,"51":1,"52":1,"53":3,"54":7,"55":3,"56":1,"57":2,"58":3,"59":3,"60":1,"61":2,"62":1,"63":0,"64":0,"65":0,"66":0,"67":0,"68":12,"69":12,"70":12,"71":12,"72":12,"73":12,"74":12,"75":12,"76":15,"77":15,"78":1,"79":1,"80":1,"81":1,"82":0,"83":1,"84":14,"85":2,"86":2,"87":1,"88":1,"89":9,"90":9,"91":9,"92":9,"93":9,"94":9,"95":9,"96":9,"97":2,"98":1,"99":1,"100":1,"101":2,"102":2,"103":1,"104":1,"105":9,"106":9,"107":9,"108":9,"109":9,"110":9,"111":9,"112":9,"113":3,"114":3,"115":1,"116":1,"117":1,"118":2,"119":2,"120":2,"121":1,"122":1,"123":4,"124":4,"125":4,"126":4,"127":4,"128":4,"129":4,"130":4,"131":12,"132":12,"133":1,"134":1,"135":1,"136":11,"137":2,"138":2,"139":1,"140":1,"141":2,"142":2,"143":2,"144":2,"145":2,"146":2,"147":2,"148":2,"149":2,"150":2,"151":1,"152":1,"153":4,"154":4,"155":4,"156":4,"157":4,"158":4,"159":4,"160":4,"161":2,"162":2,"163":1,"164":1,"165":2,"166":2,"167":1,"168":1,"169":1},"f":{"0":56,"1":16,"2":6,"3":3,"4":6,"5":3,"6":3,"7":2,"8":0,"9":0,"10":0,"11":14,"12":0,"13":3,"14":3,"15":7,"16":3,"17":3,"18":0,"19":12,"20":15,"21":2,"22":9,"23":2,"24":2,"25":9,"26":3,"27":2,"28":4,"29":12,"30":2,"31":2,"32":2,"33":4,"34":2,"35":2},"b":{"0":[1,5],"1":[1,1],"2":[0,0],"3":[0,0],"4":[12,2],"5":[1,2],"6":[2,1],"7":[1,1],"8":[7,4],"9":[1,2],"10":[1,2],"11":[1,2],"12":[1,1],"13":[0,0],"14":[1,14],"15":[15,2,2],"16":[0,1],"17":[1,1],"18":[1,1],"19":[1,1],"20":[1,2],"21":[1,1],"22":[1,11],"23":[12,2],"24":[1,1],"25":[1,1],"26":[1,1],"27":[2,2],"28":[1,1]},"_coverageSchema":"1a1c01bbd47fc00a2c39e90264f33305004495a9","hash":"28e708566a798964f80bd6c8f7aa1504f50900a5"}
,"/home/azamat/Documents/netology/js/dz/weapon.js": {"path":"/home/azamat/Documents/netology/js/dz/weapon.js","statementMap":{"0":{"start":{"line":3,"column":8},"end":{"line":3,"column":25}},"1":{"start":{"line":4,"column":8},"end":{"line":4,"column":29}},"2":{"start":{"line":5,"column":8},"end":{"line":5,"column":37}},"3":{"start":{"line":6,"column":8},"end":{"line":6,"column":41}},"4":{"start":{"line":7,"column":8},"end":{"line":7,"column":27}},"5":{"start":{"line":12,"column":8},"end":{"line":12,"column":49}},"6":{"start":{"line":12,"column":42},"end":{"line":12,"column":49}},"7":{"start":{"line":13,"column":8},"end":{"line":13,"column":64}},"8":{"start":{"line":18,"column":8},"end":{"line":18,"column":43}},"9":{"start":{"line":18,"column":34},"end":{"line":18,"column":43}},"10":{"start":{"line":19,"column":8},"end":{"line":21,"column":9}},"11":{"start":{"line":20,"column":12},"end":{"line":20,"column":31}},"12":{"start":{"line":22,"column":8},"end":{"line":22,"column":31}},"13":{"start":{"line":26,"column":8},"end":{"line":26,"column":37}},"14":{"start":{"line":32,"column":8},"end":{"line":32,"column":38}},"15":{"start":{"line":38,"column":8},"end":{"line":38,"column":33}},"16":{"start":{"line":44,"column":8},"end":{"line":44,"column":33}},"17":{"start":{"line":50,"column":8},"end":{"line":50,"column":32}},"18":{"start":{"line":56,"column":8},"end":{"line":56,"column":34}},"19":{"start":{"line":62,"column":8},"end":{"line":62,"column":16}},"20":{"start":{"line":63,"column":8},"end":{"line":63,"column":34}},"21":{"start":{"line":64,"column":8},"end":{"line":64,"column":25}},"22":{"start":{"line":65,"column":8},"end":{"line":65,"column":23}},"23":{"start":{"line":71,"column":8},"end":{"line":71,"column":16}},"24":{"start":{"line":72,"column":8},"end":{"line":72,"column":29}},"25":{"start":{"line":73,"column":8},"end":{"line":73,"column":25}},"26":{"start":{"line":74,"column":8},"end":{"line":74,"column":30}},"27":{"start":{"line":75,"column":8},"end":{"line":75,"column":34}},"28":{"start":{"line":81,"column":8},"end":{"line":81,"column":16}},"29":{"start":{"line":82,"column":8},"end":{"line":82,"column":33}},"30":{"start":{"line":83,"column":8},"end":{"line":83,"column":25}},"31":{"start":{"line":84,"column":8},"end":{"line":84,"column":23}},"32":{"start":{"line":88,"column":0},"end":{"line":88,"column":85}}},"fnMap":{"0":{"name":"(anonymous_0)","decl":{"start":{"line":2,"column":4},"end":{"line":2,"column":5}},"loc":{"start":{"line":2,"column":49},"end":{"line":8,"column":5}},"line":2},"1":{"name":"(anonymous_1)","decl":{"start":{"line":11,"column":4},"end":{"line":11,"column":5}},"loc":{"start":{"line":11,"column":23},"end":{"line":14,"column":5}},"line":11},"2":{"name":"(anonymous_2)","decl":{"start":{"line":17,"column":4},"end":{"line":17,"column":5}},"loc":{"start":{"line":17,"column":16},"end":{"line":23,"column":5}},"line":17},"3":{"name":"(anonymous_3)","decl":{"start":{"line":25,"column":4},"end":{"line":25,"column":5}},"loc":{"start":{"line":25,"column":15},"end":{"line":27,"column":5}},"line":25},"4":{"name":"(anonymous_4)","decl":{"start":{"line":31,"column":4},"end":{"line":31,"column":5}},"loc":{"start":{"line":31,"column":18},"end":{"line":33,"column":5}},"line":31},"5":{"name":"(anonymous_5)","decl":{"start":{"line":37,"column":4},"end":{"line":37,"column":5}},"loc":{"start":{"line":37,"column":18},"end":{"line":39,"column":5}},"line":37},"6":{"name":"(anonymous_6)","decl":{"start":{"line":43,"column":4},"end":{"line":43,"column":5}},"loc":{"start":{"line":43,"column":18},"end":{"line":45,"column":5}},"line":43},"7":{"name":"(anonymous_7)","decl":{"start":{"line":49,"column":4},"end":{"line":49,"column":5}},"loc":{"start":{"line":49,"column":18},"end":{"line":51,"column":5}},"line":49},"8":{"name":"(anonymous_8)","decl":{"start":{"line":55,"column":4},"end":{"line":55,"column":5}},"loc":{"start":{"line":55,"column":18},"end":{"line":57,"column":5}},"line":55},"9":{"name":"(anonymous_9)","decl":{"start":{"line":61,"column":4},"end":{"line":61,"column":5}},"loc":{"start":{"line":61,"column":18},"end":{"line":66,"column":5}},"line":61},"10":{"name":"(anonymous_10)","decl":{"start":{"line":70,"column":4},"end":{"line":70,"column":5}},"loc":{"start":{"line":70,"column":18},"end":{"line":76,"column":5}},"line":70},"11":{"name":"(anonymous_11)","decl":{"start":{"line":80,"column":4},"end":{"line":80,"column":5}},"loc":{"start":{"line":80,"column":18},"end":{"line":85,"column":5}},"line":80}},"branchMap":{"0":{"loc":{"start":{"line":12,"column":8},"end":{"line":12,"column":49}},"type":"if","locations":[{"start":{"line":12,"column":8},"end":{"line":12,"column":49}},{"start":{},"end":{}}],"line":12},"1":{"loc":{"start":{"line":18,"column":8},"end":{"line":18,"column":43}},"type":"if","locations":[{"start":{"line":18,"column":8},"end":{"line":18,"column":43}},{"start":{},"end":{}}],"line":18},"2":{"loc":{"start":{"line":19,"column":8},"end":{"line":21,"column":9}},"type":"if","locations":[{"start":{"line":19,"column":8},"end":{"line":21,"column":9}},{"start":{},"end":{}}],"line":19}},"s":{"0":126,"1":126,"2":126,"3":126,"4":126,"5":12,"6":1,"7":11,"8":14,"9":2,"10":12,"11":10,"12":2,"13":16,"14":64,"15":14,"16":18,"17":7,"18":15,"19":3,"20":3,"21":3,"22":3,"23":5,"24":5,"25":5,"26":5,"27":5,"28":5,"29":5,"30":5,"31":5,"32":2},"f":{"0":126,"1":12,"2":14,"3":16,"4":64,"5":14,"6":18,"7":7,"8":15,"9":3,"10":5,"11":5},"b":{"0":[1,11],"1":[2,12],"2":[10,2]},"_coverageSchema":"1a1c01bbd47fc00a2c39e90264f33305004495a9","hash":"3457eaeac277dde92f54cb9f5b98739a0849b3e1"}
}
