TN:
SF:player.js
FN:4,(anonymous_0)
FN:18,(anonymous_1)
FN:23,(anonymous_2)
FN:29,(anonymous_3)
FN:33,(anonymous_4)
FN:37,(anonymous_5)
FN:42,(anonymous_6)
FN:47,(anonymous_7)
FN:56,(anonymous_8)
FN:61,(anonymous_9)
FN:66,(anonymous_10)
FN:80,(anonymous_11)
FN:88,(anonymous_12)
FN:92,(anonymous_13)
FN:117,(anonymous_14)
FN:118,(anonymous_15)
FN:120,(anonymous_16)
FN:124,(anonymous_17)
FN:132,(anonymous_18)
FN:141,(anonymous_19)
FN:153,(anonymous_20)
FN:167,(anonymous_21)
FN:175,(anonymous_22)
FN:187,(anonymous_23)
FN:193,(anonymous_24)
FN:201,(anonymous_25)
FN:213,(anonymous_26)
FN:223,(anonymous_27)
FN:231,(anonymous_28)
FN:243,(anonymous_29)
FN:253,(anonymous_30)
FN:261,(anonymous_31)
FN:272,(anonymous_32)
FN:280,(anonymous_33)
FN:292,(anonymous_34)
FN:300,(anonymous_35)
FNF:36
FNH:31
FNDA:56,(anonymous_0)
FNDA:16,(anonymous_1)
FNDA:6,(anonymous_2)
FNDA:3,(anonymous_3)
FNDA:6,(anonymous_4)
FNDA:3,(anonymous_5)
FNDA:3,(anonymous_6)
FNDA:2,(anonymous_7)
FNDA:0,(anonymous_8)
FNDA:0,(anonymous_9)
FNDA:0,(anonymous_10)
FNDA:14,(anonymous_11)
FNDA:0,(anonymous_12)
FNDA:3,(anonymous_13)
FNDA:3,(anonymous_14)
FNDA:7,(anonymous_15)
FNDA:3,(anonymous_16)
FNDA:3,(anonymous_17)
FNDA:0,(anonymous_18)
FNDA:12,(anonymous_19)
FNDA:15,(anonymous_20)
FNDA:2,(anonymous_21)
FNDA:9,(anonymous_22)
FNDA:2,(anonymous_23)
FNDA:2,(anonymous_24)
FNDA:9,(anonymous_25)
FNDA:3,(anonymous_26)
FNDA:2,(anonymous_27)
FNDA:4,(anonymous_28)
FNDA:12,(anonymous_29)
FNDA:2,(anonymous_30)
FNDA:2,(anonymous_31)
FNDA:2,(anonymous_32)
FNDA:4,(anonymous_33)
FNDA:2,(anonymous_34)
FNDA:2,(anonymous_35)
DA:1,1
DA:5,56
DA:6,56
DA:7,56
DA:8,56
DA:9,56
DA:10,56
DA:11,56
DA:12,56
DA:13,56
DA:14,56
DA:19,16
DA:20,16
DA:24,6
DA:25,5
DA:26,5
DA:30,3
DA:34,6
DA:38,3
DA:39,3
DA:43,3
DA:44,3
DA:48,2
DA:49,1
DA:51,1
DA:57,0
DA:62,0
DA:67,0
DA:68,0
DA:69,0
DA:70,0
DA:72,0
DA:73,0
DA:74,0
DA:76,0
DA:81,14
DA:82,12
DA:83,12
DA:89,0
DA:93,3
DA:95,3
DA:96,1
DA:97,1
DA:100,2
DA:101,2
DA:102,2
DA:104,2
DA:106,2
DA:108,1
DA:109,1
DA:110,1
DA:112,1
DA:118,7
DA:119,3
DA:120,3
DA:125,3
DA:126,1
DA:127,2
DA:128,1
DA:133,0
DA:134,0
DA:135,0
DA:136,0
DA:142,12
DA:143,12
DA:144,12
DA:145,12
DA:146,12
DA:147,12
DA:148,12
DA:149,12
DA:154,15
DA:155,15
DA:156,1
DA:157,1
DA:158,1
DA:159,1
DA:160,0
DA:162,1
DA:164,14
DA:168,2
DA:169,2
DA:170,1
DA:176,9
DA:177,9
DA:178,9
DA:179,9
DA:180,9
DA:181,9
DA:182,9
DA:183,9
DA:188,2
DA:189,1
DA:190,1
DA:194,2
DA:195,2
DA:196,1
DA:202,9
DA:203,9
DA:204,9
DA:205,9
DA:206,9
DA:207,9
DA:208,9
DA:209,9
DA:214,3
DA:215,3
DA:216,1
DA:217,1
DA:218,1
DA:220,2
DA:224,2
DA:225,2
DA:226,1
DA:232,4
DA:233,4
DA:234,4
DA:235,4
DA:236,4
DA:237,4
DA:238,4
DA:239,4
DA:244,12
DA:245,12
DA:246,1
DA:247,1
DA:248,1
DA:250,11
DA:254,2
DA:255,2
DA:256,1
DA:262,2
DA:263,2
DA:264,2
DA:265,2
DA:266,2
DA:267,2
DA:268,2
DA:269,2
DA:273,2
DA:274,2
DA:275,1
DA:281,4
DA:282,4
DA:283,4
DA:284,4
DA:285,4
DA:286,4
DA:287,4
DA:288,4
DA:293,2
DA:294,2
DA:295,1
DA:297,1
DA:301,2
DA:302,2
DA:303,1
DA:307,1
LF:158
LH:142
BRDA:24,0,0,1
BRDA:24,0,1,5
BRDA:48,1,0,1
BRDA:48,1,1,1
BRDA:67,2,0,0
BRDA:67,2,1,0
BRDA:72,3,0,0
BRDA:72,3,1,0
BRDA:81,4,0,12
BRDA:81,4,1,2
BRDA:95,5,0,1
BRDA:95,5,1,2
BRDA:104,6,0,2
BRDA:104,6,1,1
BRDA:106,7,0,1
BRDA:106,7,1,1
BRDA:118,8,0,7
BRDA:118,8,1,4
BRDA:119,9,0,1
BRDA:119,9,1,2
BRDA:120,10,0,1
BRDA:120,10,1,2
BRDA:125,11,0,1
BRDA:125,11,1,2
BRDA:127,12,0,1
BRDA:127,12,1,1
BRDA:134,13,0,0
BRDA:134,13,1,0
BRDA:155,14,0,1
BRDA:155,14,1,14
BRDA:155,15,0,15
BRDA:155,15,1,2
BRDA:155,15,2,2
BRDA:159,16,0,0
BRDA:159,16,1,1
BRDA:169,17,0,1
BRDA:169,17,1,1
BRDA:188,18,0,1
BRDA:188,18,1,1
BRDA:195,19,0,1
BRDA:195,19,1,1
BRDA:215,20,0,1
BRDA:215,20,1,2
BRDA:225,21,0,1
BRDA:225,21,1,1
BRDA:245,22,0,1
BRDA:245,22,1,11
BRDA:245,23,0,12
BRDA:245,23,1,2
BRDA:255,24,0,1
BRDA:255,24,1,1
BRDA:274,25,0,1
BRDA:274,25,1,1
BRDA:294,26,0,1
BRDA:294,26,1,1
BRDA:294,27,0,2
BRDA:294,27,1,2
BRDA:302,28,0,1
BRDA:302,28,1,1
BRF:59
BRH:52
end_of_record
TN:
SF:weapon.js
FN:2,(anonymous_0)
FN:11,(anonymous_1)
FN:17,(anonymous_2)
FN:25,(anonymous_3)
FN:31,(anonymous_4)
FN:37,(anonymous_5)
FN:43,(anonymous_6)
FN:49,(anonymous_7)
FN:55,(anonymous_8)
FN:61,(anonymous_9)
FN:70,(anonymous_10)
FN:80,(anonymous_11)
FNF:12
FNH:12
FNDA:126,(anonymous_0)
FNDA:12,(anonymous_1)
FNDA:14,(anonymous_2)
FNDA:16,(anonymous_3)
FNDA:64,(anonymous_4)
FNDA:14,(anonymous_5)
FNDA:18,(anonymous_6)
FNDA:7,(anonymous_7)
FNDA:15,(anonymous_8)
FNDA:3,(anonymous_9)
FNDA:5,(anonymous_10)
FNDA:5,(anonymous_11)
DA:3,126
DA:4,126
DA:5,126
DA:6,126
DA:7,126
DA:12,12
DA:13,11
DA:18,14
DA:19,12
DA:20,10
DA:22,2
DA:26,16
DA:32,64
DA:38,14
DA:44,18
DA:50,7
DA:56,15
DA:62,3
DA:63,3
DA:64,3
DA:65,3
DA:71,5
DA:72,5
DA:73,5
DA:74,5
DA:75,5
DA:81,5
DA:82,5
DA:83,5
DA:84,5
DA:88,2
LF:31
LH:31
BRDA:12,0,0,1
BRDA:12,0,1,11
BRDA:18,1,0,2
BRDA:18,1,1,12
BRDA:19,2,0,10
BRDA:19,2,1,2
BRF:6
BRH:6
end_of_record
